<?xml version="1.0" encoding="UTF-8"?>
<!-- Generated by org.testng.reporters.JUnitXMLReporter -->
<testsuite hostname="DESKTOP-PNN423I" failures="3" tests="3" name="TestNG tests" time="0.026" errors="0" timestamp="28 Oct 2020 21:14:36 GMT">
  <testcase classname="arrayprogram.ArrayProgramNGTest" name="testCalcDeviation" time="0.001">
    <failure type="java.lang.NoSuchMethodError" message="&amp;apos;double arrayprogram.ArrayProgram.calcDeviation(double[], int)&amp;apos;">
      <![CDATA[java.lang.NoSuchMethodError: 'double arrayprogram.ArrayProgram.calcDeviation(double[], int)'
	at arrayprogram.ArrayProgramNGTest.testCalcDeviation(ArrayProgramNGTest.java:76)
... Removed 23 stack frames]]>
    </failure>
  </testcase> <!-- testCalcDeviation -->
  <testcase classname="arrayprogram.ArrayProgramNGTest" name="testCalcMean" time="0.0">
    <failure type="java.lang.NoSuchMethodError" message="&amp;apos;double arrayprogram.ArrayProgram.calcMean(double[], int)&amp;apos;">
      <![CDATA[java.lang.NoSuchMethodError: 'double arrayprogram.ArrayProgram.calcMean(double[], int)'
	at arrayprogram.ArrayProgramNGTest.testCalcMean(ArrayProgramNGTest.java:61)
... Removed 23 stack frames]]>
    </failure>
  </testcase> <!-- testCalcMean -->
  <testcase classname="arrayprogram.ArrayProgramNGTest" name="testMain" time="0.012">
    <failure type="java.lang.AssertionError" message="The test case is a prototype.">
      <![CDATA[java.lang.AssertionError: The test case is a prototype.
	at arrayprogram.ArrayProgramNGTest.testMain(ArrayProgramNGTest.java:49)
... Removed 24 stack frames]]>
    </failure>
  </testcase> <!-- testMain -->
</testsuite> <!-- TestNG tests -->
